<?xml version="1.0" encoding="UTF-8"?>
<!-- Generated by org.testng.reporters.JUnitReportReporter -->
<testsuite hostname="Desktop-Monitor-1st-Floor-Room3" failures="0" tests="4" name="basics.LearnDataDrivenTesting" time="6.411" errors="0" timestamp="2024-11-20T16:02:55 IST" skipped="0">
  <testcase classname="basics.LearnDataDrivenTesting" name="demoA" time="1.589"/>
  <testcase classname="basics.LearnDataDrivenTesting" name="demoA" time="1.510"/>
  <testcase classname="basics.LearnDataDrivenTesting" name="demoA" time="1.535"/>
  <testcase classname="basics.LearnDataDrivenTesting" name="demoA" time="1.777"/>
</testsuite> <!-- basics.LearnDataDrivenTesting -->
